[INFO][2020-03-22 11:54:55]: 	Server started on port 8090
[INFO][2020-03-22 11:54:59]: 	Server started on port 8090
[INFO][2020-03-22 11:55:00]: 	Server started on port 8090
[INFO][2020-03-22 11:55:26]: 	Server started on port 8090
[INFO][2020-03-22 11:55:45]: 	Server started on port 8090
[INFO][2020-03-22 11:57:55]: 	Server started on port 8090
[INFO][2020-03-22 11:58:14]: 	Server started on port 8090
[INFO][2020-03-22 11:58:25]: 	Server started on port 8090
[INFO][2020-03-22 11:59:30]: 	Server started on port 8090
[INFO][2020-03-22 11:59:40]: 	Server started on port 8090
[INFO][2020-03-22 11:59:49]: 	Server started on port 8090
[INFO][2020-03-22 12:00:07]: 	Server started on port 8090
[INFO][2020-03-22 12:00:29]: 	Server started on port 8090
[INFO][2020-03-22 12:00:37]: 	Server started on port 8090
[INFO][2020-03-22 12:00:44]: 	Server started on port 8090
[INFO][2020-03-22 12:01:06]: 	Server started on port 8090
[INFO][2020-03-22 12:02:22]: 	Server started on port 8090
[INFO][2020-03-22 12:03:28]: 	Server started on port 8090
[INFO][2020-03-22 12:04:06]: 	Server started on port 8090
[INFO][2020-03-22 12:04:08]: 	Server started on port 8090
[INFO][2020-03-22 12:04:45]: 	Server started on port 8090
[INFO][2020-03-22 12:04:51]: 	Server started on port 8090
[INFO][2020-03-22 12:04:54]: 	Server started on port 8090
[INFO][2020-03-22 12:05:33]: 	Server started on port 8090
[INFO][2020-03-22 12:05:58]: 	Server started on port 8090
[INFO][2020-03-22 12:06:03]: 	Server started on port 8090
[INFO][2020-03-22 12:06:23]: 	Server started on port 8090
[INFO][2020-03-22 12:06:31]: 	Server started on port 8090
[INFO][2020-03-22 12:06:39]: 	Server started on port 8090
[INFO][2020-03-22 12:07:37]: 	Server started on port 8090
[INFO][2020-03-22 12:07:54]: 	Server started on port 8090
[INFO][2020-03-22 12:08:04]: 	Server started on port 8090
[INFO][2020-03-22 12:08:18]: 	Server started on port 8090
[INFO][2020-03-22 12:08:20]: 	Server started on port 8090
[INFO][2020-03-22 12:08:32]: 	Server started on port 8090
[INFO][2020-03-22 12:09:04]: 	Server started on port 8090
[INFO][2020-03-22 12:09:29]: 	Server started on port 8090
[INFO][2020-03-22 12:09:39]: 	Server started on port 8090
[INFO][2020-03-22 12:09:48]: 	Server started on port 8090
[INFO][2020-03-22 12:09:55]: 	Server started on port 8090
[INFO][2020-03-22 12:09:58]: 	Server started on port 8090
[INFO][2020-03-22 12:15:05]: 	Server started on port 8090
[INFO][2020-03-22 12:16:06]: 	Server started on port 8090
[INFO][2020-03-22 12:16:17]: 	Server started on port 8090
[INFO][2020-03-22 12:16:57]: 	Server started on port 8090
[INFO][2020-03-22 12:17:03]: 	Server started on port 8090
[INFO][2020-03-22 12:17:23]: 	Server started on port 8090
[INFO][2020-03-22 12:17:40]: 	Server started on port 8090
[INFO][2020-03-22 12:17:47]: 	Server started on port 8090
[INFO][2020-03-22 12:20:22]: 	Server started on port 8090
[INFO][2020-03-22 12:20:30]: 	Server started on port 8090
[INFO][2020-03-22 12:20:48]: 	Server started on port 8090
[INFO][2020-03-22 12:20:52]: 	Server started on port 8090
[INFO][2020-03-22 12:21:04]: 	Server started on port 8090
[INFO][2020-03-22 12:27:42]: 	Server started on port 8090
[ERROR][2020-03-22 12:27:42]: 	failed to connect to server [127.0.0.1:27017] on first connect [Error: connect ECONNREFUSED 127.0.0.1:27017
    at TCPConnectWrap.afterConnect [as oncomplete] (net.js:1137:16) {
  name: 'MongoNetworkError',
  [Symbol(mongoErrorContextSymbol)]: {}
}]
[INFO][2020-03-22 12:28:15]: 	Server started on port 8090
[ERROR][2020-03-22 12:28:15]: 	failed to connect to server [127.0.0.1:27017] on first connect [Error: connect ECONNREFUSED 127.0.0.1:27017
    at TCPConnectWrap.afterConnect [as oncomplete] (net.js:1137:16) {
  name: 'MongoNetworkError',
  [Symbol(mongoErrorContextSymbol)]: {}
}]
[INFO][2020-03-22 12:31:25]: 	Server started on port 8090
[INFO][2020-03-22 12:31:54]: 	Server started on port 8090
[INFO][2020-03-22 12:32:11]: 	Server started on port 8090
[INFO][2020-03-22 12:33:14]: 	Server started on port 8090
[INFO][2020-03-22 12:40:07]: 	Server started on port 8090
[INFO][2020-03-22 12:40:11]: 	Server started on port 8090
[INFO][2020-03-22 12:44:05]: 	Server started on port 8090
[INFO][2020-03-22 12:44:18]: 	Server started on port 8090
[INFO][2020-03-22 12:44:33]: 	Server started on port 8090
[INFO][2020-03-22 12:44:57]: 	Server started on port 8090
[INFO][2020-03-22 12:45:04]: 	Server started on port 8090
[INFO][2020-03-22 12:45:17]: 	Server started on port 8090
[INFO][2020-03-22 12:45:45]: 	Server started on port 8090
[INFO][2020-03-22 12:45:48]: 	Server started on port 8090
[INFO][2020-03-22 12:45:53]: 	Server started on port 8090
[INFO][2020-03-22 12:47:05]: 	Server started on port 8090
[INFO][2020-03-22 12:47:06]: 	Server started on port 8090
[INFO][2020-03-22 12:49:20]: 	Server started on port 8090
[INFO][2020-03-22 12:49:25]: 	Server started on port 8090
[INFO][2020-03-22 12:49:35]: 	Server started on port 8090
[INFO][2020-03-22 12:49:39]: 	Server started on port 8090
[INFO][2020-03-22 12:49:43]: 	Server started on port 8090
[INFO][2020-03-22 12:50:24]: 	Server started on port 8090
[INFO][2020-03-22 12:50:40]: 	Server started on port 8090
[INFO][2020-03-22 12:51:00]: 	Server started on port 8090
[INFO][2020-03-22 12:51:08]: 	Server started on port 8090
[INFO][2020-03-22 12:52:42]: 	Server started on port 8090
[INFO][2020-03-22 12:53:15]: 	Server started on port 8090
[INFO][2020-03-22 12:53:20]: 	Server started on port 8090
[INFO][2020-03-22 12:54:10]: 	Server started on port 8090
[INFO][2020-03-22 12:54:13]: 	Server started on port 8090
[INFO][2020-03-22 12:54:26]: 	Server started on port 8090
[INFO][2020-03-22 12:56:56]: 	Server started on port 8090
[INFO][2020-03-22 12:57:18]: 	Server started on port 8090
[INFO][2020-03-22 12:57:19]: 	Server started on port 8090
[INFO][2020-03-22 12:57:45]: 	Server started on port 8090
[INFO][2020-03-22 12:58:31]: 	Server started on port 8090
[INFO][2020-03-22 12:59:11]: 	Server started on port 8090
[INFO][2020-03-22 12:59:33]: 	Server started on port 8090
[INFO][2020-03-22 12:59:34]: 	Server started on port 8090
[INFO][2020-03-22 12:59:46]: 	Server started on port 8090
[INFO][2020-03-22 13:01:36]: 	Server started on port 8090
[INFO][2020-03-22 13:01:49]: 	Server started on port 8090
[INFO][2020-03-22 13:02:25]: 	Server started on port 8090
[INFO][2020-03-22 13:02:25]: 	Server started on port 8090
[INFO][2020-03-22 13:03:55]: 	Server started on port 8090
[INFO][2020-03-22 13:04:05]: 	Server started on port 8090
[INFO][2020-03-22 13:04:22]: 	Server started on port 8090
[INFO][2020-03-22 13:04:24]: 	Server started on port 8090
[INFO][2020-03-22 13:04:43]: 	Server started on port 8090
[INFO][2020-03-22 13:04:55]: 	Server started on port 8090
[INFO][2020-03-22 13:05:10]: 	Server started on port 8090
[INFO][2020-03-22 13:05:15]: 	Server started on port 8090
[INFO][2020-03-22 13:05:20]: 	Server started on port 8090
[INFO][2020-03-22 13:05:33]: 	Server started on port 8090
[INFO][2020-03-22 13:06:02]: 	Server started on port 8090
[INFO][2020-03-22 13:06:19]: 	Server started on port 8090
[INFO][2020-03-22 13:06:28]: 	Server started on port 8090
[INFO][2020-03-22 13:08:42]: 	Server started on port 8090
[INFO][2020-03-22 13:10:30]: 	Server started on port 8090
[INFO][2020-03-22 13:11:39]: 	Server started on port 8090
[INFO][2020-03-22 13:11:50]: 	Server started on port 8090
[INFO][2020-03-22 13:12:06]: 	Server started on port 8090
[INFO][2020-03-22 13:12:25]: 	Server started on port 8090
[INFO][2020-03-22 13:12:30]: 	Server started on port 8090
[INFO][2020-03-22 13:12:33]: 	Server started on port 8090
[INFO][2020-03-22 13:12:38]: 	Server started on port 8090
[INFO][2020-03-22 13:12:45]: 	Server started on port 8090
[INFO][2020-03-22 13:12:49]: 	Server started on port 8090
[INFO][2020-03-22 13:12:54]: 	Server started on port 8090
[INFO][2020-03-22 13:13:16]: 	Server started on port 8090
[INFO][2020-03-22 13:13:58]: 	Server started on port 8090
[INFO][2020-03-22 13:14:25]: 	Server started on port 8090
[INFO][2020-03-22 13:14:39]: 	Server started on port 8090
[INFO][2020-03-22 13:14:42]: 	Server started on port 8090
[INFO][2020-03-22 13:14:44]: 	Server started on port 8090
[INFO][2020-03-22 13:14:56]: 	Server started on port 8090
[INFO][2020-03-22 13:15:16]: 	Server started on port 8090
[INFO][2020-03-22 13:23:17]: 	Server started on port 8090
[INFO][2020-03-22 14:13:19]: 	Server started on port 8090
[INFO][2020-03-22 14:14:29]: 	Server started on port 8090
[INFO][2020-03-22 14:14:40]: 	Server started on port 8090
[INFO][2020-03-22 14:14:59]: 	Server started on port 8090
[INFO][2020-03-22 14:15:25]: 	Server started on port 8090
[INFO][2020-03-22 14:15:38]: 	Server started on port 8090
[INFO][2020-03-22 14:17:20]: 	Server started on port 8090
[INFO][2020-03-22 14:17:31]: 	Server started on port 8090
[INFO][2020-03-22 14:17:39]: 	Server started on port 8090
[INFO][2020-03-22 16:28:31]: 	Server started on port 8090
[ERROR][2020-03-22 16:29:01]: 	connect ECONNREFUSED 127.0.0.1:27017
[INFO][2020-03-22 16:47:51]: 	Server started on port 8090
[INFO][2020-03-22 16:50:54]: 	Server started on port 8090
[INFO][2020-03-22 16:53:49]: 	Server started on port 8090
[INFO][2020-03-22 16:54:04]: 	Server started on port 8090
[INFO][2020-03-22 16:54:07]: 	Server started on port 8090
[INFO][2020-03-22 16:54:12]: 	Server started on port 8090
[INFO][2020-03-22 16:54:15]: 	Server started on port 8090
[INFO][2020-03-22 16:54:41]: 	Server started on port 8090
[INFO][2020-03-22 16:54:43]: 	Server started on port 8090
[INFO][2020-03-22 17:05:05]: 	Server started on port 8090
[INFO][2020-03-22 17:07:10]: 	Server started on port 8090
[INFO][2020-03-22 17:08:03]: 	Server started on port 8090
[INFO][2020-03-22 17:08:11]: 	Server started on port 8090
[INFO][2020-03-22 17:08:24]: 	Server started on port 8090
[ERROR][2020-03-22 17:08:27]: 	An error occured: MongoError: E11000 duplicate key error collection: experience-db.users index: username_1 dup key: { : "cartas.cosmin@gmail.com" }
[INFO][2020-03-23 07:41:18]: 	Server started on port 8090
[INFO][2020-03-23 07:41:35]: 	Server started on port 8090
[INFO][2020-03-23 10:36:39]: 	Server started on port 8090
[INFO][2020-03-23 10:36:45]: 	Server started on port 8090
[INFO][2020-03-23 10:37:15]: 	Server started on port 8090
[INFO][2020-03-23 10:43:26]: 	Server started on port 8090
[INFO][2020-03-23 10:43:30]: 	Server started on port 8090
[INFO][2020-03-23 10:43:54]: 	Server started on port 8090
[INFO][2020-03-23 10:44:03]: 	Server started on port 8090
[INFO][2020-03-23 10:44:21]: 	Server started on port 8090
[ERROR][2020-03-23 10:47:58]: 	An error occured: MongoError: E11000 duplicate key error collection: experience-db.users index: username_1 dup key: { : "cartas.cosmin@gmail.com" }
[ERROR][2020-03-23 10:48:38]: 	An error occured: MongoError: E11000 duplicate key error collection: experience-db.users index: username_1 dup key: { : "cartas.cosmin@gmail.com" }
[INFO][2020-03-23 11:13:18]: 	Server started on port 8090
